<?xml version="1.0" encoding="UTF-8"?>
<!-- Generated by org.testng.reporters.JUnitXMLReporter -->
<testsuite ignored="0" hostname="LAPTOP-SPROEP6A" failures="1" tests="2" name="Chrome" time="42.013" errors="0" timestamp="2022-05-29T23:17:57 IST">
  <testcase classname="Twitter.VerifyExploreFunctionalityAndSearchTab" name="verifyexploreButtonAndSearchTabWithUserName" time="7.886">
    <failure type="java.lang.AssertionError" message="expected [https://twitter.com/explore] but found [https://twitter.com/Cristiano]">
      <![CDATA[java.lang.AssertionError: expected [https://twitter.com/explore] but found [https://twitter.com/Cristiano]
at Twitter.VerifyExploreFunctionalityAndSearchTab.verifyexploreButtonAndSearchTabWithUserName(VerifyExploreFunctionalityAndSearchTab.java:74)
at java.base/java.util.concurrent.ThreadPoolExecutor.runWorker(ThreadPoolExecutor.java:1136)
at java.base/java.util.concurrent.ThreadPoolExecutor$Worker.run(ThreadPoolExecutor.java:635)
at java.base/java.lang.Thread.run(Thread.java:833)
... Removed 18 stack frames]]>
    </failure>
  </testcase> <!-- verifyexploreButtonAndSearchTabWithUserName -->
  <testcase classname="Twitter.VerifyTweetButtonAndFinalTweetButton" name="VerifyTweetButtonAndFinalT" time="14.177"/>
</testsuite> <!-- Chrome -->
