<?xml version="1.0" encoding="UTF-8"?>
<!-- Generated by org.testng.reporters.JUnitReportReporter -->
<testsuite hostname="LAPTOP-SPROEP6A" failures="1" tests="2" name="Twitter.VerifyExploreFunctionalityAndSearchTab" time="54.154" errors="0" timestamp="2022-05-29T23:18:39 IST" skipped="0">
  <testcase classname="Twitter.VerifyExploreFunctionalityAndSearchTab" name="verifyexploreButtonAndSearchTabWithUserName" time="28.416"/>
  <system-out/>
  <testcase classname="Twitter.VerifyExploreFunctionalityAndSearchTab" name="verifyexploreButtonAndSearchTabWithUserName" time="25.738">
    <failure message="expected [https://twitter.com/explore] but found [https://twitter.com/Cristiano]" type="java.lang.AssertionError">
      <![CDATA[java.lang.AssertionError: expected [https://twitter.com/explore] but found [https://twitter.com/Cristiano]
at org.testng.Assert.fail(Assert.java:99)
at org.testng.Assert.failNotEquals(Assert.java:1037)
at org.testng.Assert.assertEqualsImpl(Assert.java:140)
at org.testng.Assert.assertEquals(Assert.java:122)
at org.testng.Assert.assertEquals(Assert.java:629)
at org.testng.Assert.assertEquals(Assert.java:639)
at Twitter.VerifyExploreFunctionalityAndSearchTab.verifyexploreButtonAndSearchTabWithUserName(VerifyExploreFunctionalityAndSearchTab.java:74)
at java.base/jdk.internal.reflect.NativeMethodAccessorImpl.invoke0(Native Method)
at java.base/jdk.internal.reflect.NativeMethodAccessorImpl.invoke(NativeMethodAccessorImpl.java:77)
at java.base/jdk.internal.reflect.DelegatingMethodAccessorImpl.invoke(DelegatingMethodAccessorImpl.java:43)
at java.base/java.lang.reflect.Method.invoke(Method.java:568)
at org.testng.internal.MethodInvocationHelper.invokeMethod(MethodInvocationHelper.java:133)
at org.testng.internal.TestInvoker.invokeMethod(TestInvoker.java:598)
at org.testng.internal.TestInvoker.invokeTestMethod(TestInvoker.java:173)
at org.testng.internal.MethodRunner.runInSequence(MethodRunner.java:46)
at org.testng.internal.TestInvoker$MethodInvocationAgent.invoke(TestInvoker.java:824)
at org.testng.internal.TestInvoker.invokeTestMethods(TestInvoker.java:146)
at org.testng.internal.TestMethodWorker.invokeTestMethods(TestMethodWorker.java:146)
at org.testng.internal.TestMethodWorker.run(TestMethodWorker.java:128)
at java.base/java.util.concurrent.ThreadPoolExecutor.runWorker(ThreadPoolExecutor.java:1136)
at java.base/java.util.concurrent.ThreadPoolExecutor$Worker.run(ThreadPoolExecutor.java:635)
at java.base/java.lang.Thread.run(Thread.java:833)
]]>
    </failure>
  </testcase> <!-- verifyexploreButtonAndSearchTabWithUserName -->
  <system-out/>
</testsuite> <!-- Twitter.VerifyExploreFunctionalityAndSearchTab -->
